<?xml version="1.0" encoding="UTF-8"?>
<!-- Generated by org.testng.reporters.JUnitReportReporter -->
<testsuite hostname="Apoorvs-MacBook-Air.local" failures="0" tests="1" name="testcases.LoginTest" time="16.000" errors="0" timestamp="2024-02-19T15:17:02 IST" skipped="0">
  <testcase classname="testcases.LoginTest" name="test4" time="16.000"/>
</testsuite> <!-- testcases.LoginTest -->
