<?xml version="1.0" encoding="UTF-8"?>
<!-- Generated by org.testng.reporters.JUnitReportReporter -->
<testsuite hostname="Apoorvs-MacBook-Air.local" failures="0" tests="1" name="testcases.HomePageTest" time="8.512" errors="0" timestamp="2024-02-20T15:18:53 IST" skipped="0">
  <testcase classname="testcases.HomePageTest" name="test3" time="8.512"/>
</testsuite> <!-- testcases.HomePageTest -->
