<?xml version="1.0" encoding="UTF-8"?>
<!-- Generated by org.testng.reporters.JUnitReportReporter -->
<testsuite hostname="Apoorvs-MacBook-Air.local" failures="0" tests="3" name="testcases.LoginTest" time="49.573" errors="0" timestamp="2024-02-20T16:02:28 IST" skipped="0">
  <testcase classname="testcases.LoginTest" name="test1" time="17.425"/>
  <testcase classname="testcases.LoginTest" name="test4" time="17.925"/>
  <testcase classname="testcases.LoginTest" name="test2" time="14.223"/>
</testsuite> <!-- testcases.LoginTest -->
