<?xml version="1.0" encoding="UTF-8"?>
<!-- Generated by org.testng.reporters.JUnitReportReporter -->
<testsuite hostname="Apoorvs-MacBook-Air.local" failures="0" tests="3" name="testcases.LoginTest" time="48.374" errors="0" timestamp="2024-02-20T12:05:27 IST" skipped="0">
  <testcase classname="testcases.LoginTest" name="test4" time="11.990"/>
  <testcase classname="testcases.LoginTest" name="test2" time="12.874"/>
  <testcase classname="testcases.LoginTest" name="test1" time="23.510"/>
</testsuite> <!-- testcases.LoginTest -->
